<?xml version="1.0" encoding="UTF-8"?>
<!-- Generated by org.testng.reporters.JUnitXMLReporter -->
<testsuite hostname="DESKTOP-3T3AO88" ignored="0" name="Default test" tests="2" failures="2" timestamp="2021-04-21T09:30:15 CST" time="13.963" errors="0">
  <testcase name="test_login_fail" time="1.234" classname="testcase.LoginPageTest">
    <failure type="org.openqa.selenium.InvalidElementStateException" message="Cannot set the element to &amp;apos;http://10.7.90.213:11443&amp;apos;. Did you interact with the correct element?
Build info: version: &amp;apos;3.141.59&amp;apos;, revision: &amp;apos;e82be7d358&amp;apos;, time: &amp;apos;2018-11-14T08:25:53&amp;apos;
System info: host: &amp;apos;DESKTOP-3T3AO88&amp;apos;, ip: &amp;apos;192.168.19.130&amp;apos;, os.name: &amp;apos;Windows 10&amp;apos;, os.arch: &amp;apos;amd64&amp;apos;, os.version: &amp;apos;10.0&amp;apos;, java.version: &amp;apos;1.8.0_171&amp;apos;
Driver info: io.appium.java_client.android.AndroidDriver
Capabilities {appActivity: com.cnezsoft.xxm.MainActivity, appPackage: com.cnezsoft.xxm, databaseEnabled: false, desired: {appActivity: com.cnezsoft.xxm.MainActivity, appPackage: com.cnezsoft.xxm, deviceName: 127.0.0.1:62001, noReset: true, platformName: android}, deviceApiLevel: 22, deviceManufacturer: HUAWEI, deviceModel: LIO-AN00, deviceName: 127.0.0.1:62001, deviceScreenDensity: 320, deviceScreenSize: 1080x1920, deviceUDID: 127.0.0.1:62001, javascriptEnabled: true, locationContextEnabled: false, networkConnectionEnabled: true, noReset: true, pixelRatio: 2, platform: LINUX, platformName: Android, platformVersion: 5.1.1, statBarHeight: 50, takesScreenshot: true, viewportRect: {height: 1870, left: 0, top: 50, width: 1080}, warnings: {}, webStorageEnabled: false}
Session ID: 488768bc-0df8-4fd9-b3e6-0c3f56650879">
      <![CDATA[org.openqa.selenium.InvalidElementStateException: Cannot set the element to 'http://10.7.90.213:11443'. Did you interact with the correct element?
Build info: version: '3.141.59', revision: 'e82be7d358', time: '2018-11-14T08:25:53'
System info: host: 'DESKTOP-3T3AO88', ip: '192.168.19.130', os.name: 'Windows 10', os.arch: 'amd64', os.version: '10.0', java.version: '1.8.0_171'
Driver info: io.appium.java_client.android.AndroidDriver
Capabilities {appActivity: com.cnezsoft.xxm.MainActivity, appPackage: com.cnezsoft.xxm, databaseEnabled: false, desired: {appActivity: com.cnezsoft.xxm.MainActivity, appPackage: com.cnezsoft.xxm, deviceName: 127.0.0.1:62001, noReset: true, platformName: android}, deviceApiLevel: 22, deviceManufacturer: HUAWEI, deviceModel: LIO-AN00, deviceName: 127.0.0.1:62001, deviceScreenDensity: 320, deviceScreenSize: 1080x1920, deviceUDID: 127.0.0.1:62001, javascriptEnabled: true, locationContextEnabled: false, networkConnectionEnabled: true, noReset: true, pixelRatio: 2, platform: LINUX, platformName: Android, platformVersion: 5.1.1, statBarHeight: 50, takesScreenshot: true, viewportRect: {height: 1870, left: 0, top: 50, width: 1080}, warnings: {}, webStorageEnabled: false}
Session ID: 488768bc-0df8-4fd9-b3e6-0c3f56650879
at sun.reflect.NativeConstructorAccessorImpl.newInstance0(Native Method)
at sun.reflect.NativeConstructorAccessorImpl.newInstance(Unknown Source)
at sun.reflect.DelegatingConstructorAccessorImpl.newInstance(Unknown Source)
at java.lang.reflect.Constructor.newInstance(Unknown Source)
at org.openqa.selenium.remote.http.W3CHttpResponseCodec.createException(W3CHttpResponseCodec.java:187)
at org.openqa.selenium.remote.http.W3CHttpResponseCodec.decode(W3CHttpResponseCodec.java:122)
at org.openqa.selenium.remote.http.W3CHttpResponseCodec.decode(W3CHttpResponseCodec.java:49)
at org.openqa.selenium.remote.HttpCommandExecutor.execute(HttpCommandExecutor.java:158)
at io.appium.java_client.remote.AppiumCommandExecutor.execute(AppiumCommandExecutor.java:239)
at org.openqa.selenium.remote.RemoteWebDriver.execute(RemoteWebDriver.java:552)
at io.appium.java_client.DefaultGenericMobileDriver.execute(DefaultGenericMobileDriver.java:41)
at io.appium.java_client.AppiumDriver.execute(AppiumDriver.java:1)
at io.appium.java_client.android.AndroidDriver.execute(AndroidDriver.java:1)
at org.openqa.selenium.remote.RemoteWebElement.execute(RemoteWebElement.java:285)
at io.appium.java_client.DefaultGenericMobileElement.execute(DefaultGenericMobileElement.java:45)
at io.appium.java_client.MobileElement.execute(MobileElement.java:1)
at io.appium.java_client.android.AndroidElement.execute(AndroidElement.java:1)
at org.openqa.selenium.remote.RemoteWebElement.sendKeys(RemoteWebElement.java:106)
at utils.BaseAction.type(BaseAction.java:57)
at pages.LoginPage.login_fail(LoginPage.java:62)
at testcase.LoginPageTest.test_login_fail(LoginPageTest.java:28)
at sun.reflect.NativeMethodAccessorImpl.invoke0(Native Method)
at sun.reflect.NativeMethodAccessorImpl.invoke(Unknown Source)
at sun.reflect.DelegatingMethodAccessorImpl.invoke(Unknown Source)
at java.lang.reflect.Method.invoke(Unknown Source)
at org.testng.internal.MethodInvocationHelper.invokeMethod(MethodInvocationHelper.java:134)
at org.testng.internal.TestInvoker.invokeMethod(TestInvoker.java:597)
at org.testng.internal.TestInvoker.invokeTestMethod(TestInvoker.java:173)
at org.testng.internal.MethodRunner.runInSequence(MethodRunner.java:46)
at org.testng.internal.TestInvoker$MethodInvocationAgent.invoke(TestInvoker.java:816)
at org.testng.internal.TestInvoker.invokeTestMethods(TestInvoker.java:146)
at org.testng.internal.TestMethodWorker.invokeTestMethods(TestMethodWorker.java:146)
at org.testng.internal.TestMethodWorker.run(TestMethodWorker.java:128)
at java.util.ArrayList.forEach(Unknown Source)
at org.testng.TestRunner.privateRun(TestRunner.java:766)
at org.testng.TestRunner.run(TestRunner.java:587)
at org.testng.SuiteRunner.runTest(SuiteRunner.java:384)
at org.testng.SuiteRunner.runSequentially(SuiteRunner.java:378)
at org.testng.SuiteRunner.privateRun(SuiteRunner.java:337)
at org.testng.SuiteRunner.run(SuiteRunner.java:286)
at org.testng.SuiteRunnerWorker.runSuite(SuiteRunnerWorker.java:53)
at org.testng.SuiteRunnerWorker.run(SuiteRunnerWorker.java:96)
at org.testng.TestNG.runSuitesSequentially(TestNG.java:1187)
at org.testng.TestNG.runSuitesLocally(TestNG.java:1109)
at org.testng.TestNG.runSuites(TestNG.java:1039)
at org.testng.TestNG.run(TestNG.java:1007)
at org.testng.remote.AbstractRemoteTestNG.run(AbstractRemoteTestNG.java:115)
at org.testng.remote.RemoteTestNG.initAndRun(RemoteTestNG.java:251)
at org.testng.remote.RemoteTestNG.main(RemoteTestNG.java:77)
]]>
    </failure>
  </testcase> <!-- test_login_fail -->
  <testcase name="test_login_success" time="2.129" classname="testcase.LoginPageTest">
    <failure type="org.openqa.selenium.InvalidElementStateException" message="Cannot set the element to &amp;apos;http://10.7.90.213:11443&amp;apos;. Did you interact with the correct element?
Build info: version: &amp;apos;3.141.59&amp;apos;, revision: &amp;apos;e82be7d358&amp;apos;, time: &amp;apos;2018-11-14T08:25:53&amp;apos;
System info: host: &amp;apos;DESKTOP-3T3AO88&amp;apos;, ip: &amp;apos;192.168.19.130&amp;apos;, os.name: &amp;apos;Windows 10&amp;apos;, os.arch: &amp;apos;amd64&amp;apos;, os.version: &amp;apos;10.0&amp;apos;, java.version: &amp;apos;1.8.0_171&amp;apos;
Driver info: io.appium.java_client.android.AndroidDriver
Capabilities {appActivity: com.cnezsoft.xxm.MainActivity, appPackage: com.cnezsoft.xxm, databaseEnabled: false, desired: {appActivity: com.cnezsoft.xxm.MainActivity, appPackage: com.cnezsoft.xxm, deviceName: 127.0.0.1:62001, noReset: true, platformName: android}, deviceApiLevel: 22, deviceManufacturer: HUAWEI, deviceModel: LIO-AN00, deviceName: 127.0.0.1:62001, deviceScreenDensity: 320, deviceScreenSize: 1080x1920, deviceUDID: 127.0.0.1:62001, javascriptEnabled: true, locationContextEnabled: false, networkConnectionEnabled: true, noReset: true, pixelRatio: 2, platform: LINUX, platformName: Android, platformVersion: 5.1.1, statBarHeight: 50, takesScreenshot: true, viewportRect: {height: 1870, left: 0, top: 50, width: 1080}, warnings: {}, webStorageEnabled: false}
Session ID: 488768bc-0df8-4fd9-b3e6-0c3f56650879">
      <![CDATA[org.openqa.selenium.InvalidElementStateException: Cannot set the element to 'http://10.7.90.213:11443'. Did you interact with the correct element?
Build info: version: '3.141.59', revision: 'e82be7d358', time: '2018-11-14T08:25:53'
System info: host: 'DESKTOP-3T3AO88', ip: '192.168.19.130', os.name: 'Windows 10', os.arch: 'amd64', os.version: '10.0', java.version: '1.8.0_171'
Driver info: io.appium.java_client.android.AndroidDriver
Capabilities {appActivity: com.cnezsoft.xxm.MainActivity, appPackage: com.cnezsoft.xxm, databaseEnabled: false, desired: {appActivity: com.cnezsoft.xxm.MainActivity, appPackage: com.cnezsoft.xxm, deviceName: 127.0.0.1:62001, noReset: true, platformName: android}, deviceApiLevel: 22, deviceManufacturer: HUAWEI, deviceModel: LIO-AN00, deviceName: 127.0.0.1:62001, deviceScreenDensity: 320, deviceScreenSize: 1080x1920, deviceUDID: 127.0.0.1:62001, javascriptEnabled: true, locationContextEnabled: false, networkConnectionEnabled: true, noReset: true, pixelRatio: 2, platform: LINUX, platformName: Android, platformVersion: 5.1.1, statBarHeight: 50, takesScreenshot: true, viewportRect: {height: 1870, left: 0, top: 50, width: 1080}, warnings: {}, webStorageEnabled: false}
Session ID: 488768bc-0df8-4fd9-b3e6-0c3f56650879
at sun.reflect.NativeConstructorAccessorImpl.newInstance0(Native Method)
at sun.reflect.NativeConstructorAccessorImpl.newInstance(Unknown Source)
at sun.reflect.DelegatingConstructorAccessorImpl.newInstance(Unknown Source)
at java.lang.reflect.Constructor.newInstance(Unknown Source)
at org.openqa.selenium.remote.http.W3CHttpResponseCodec.createException(W3CHttpResponseCodec.java:187)
at org.openqa.selenium.remote.http.W3CHttpResponseCodec.decode(W3CHttpResponseCodec.java:122)
at org.openqa.selenium.remote.http.W3CHttpResponseCodec.decode(W3CHttpResponseCodec.java:49)
at org.openqa.selenium.remote.HttpCommandExecutor.execute(HttpCommandExecutor.java:158)
at io.appium.java_client.remote.AppiumCommandExecutor.execute(AppiumCommandExecutor.java:239)
at org.openqa.selenium.remote.RemoteWebDriver.execute(RemoteWebDriver.java:552)
at io.appium.java_client.DefaultGenericMobileDriver.execute(DefaultGenericMobileDriver.java:41)
at io.appium.java_client.AppiumDriver.execute(AppiumDriver.java:1)
at io.appium.java_client.android.AndroidDriver.execute(AndroidDriver.java:1)
at org.openqa.selenium.remote.RemoteWebElement.execute(RemoteWebElement.java:285)
at io.appium.java_client.DefaultGenericMobileElement.execute(DefaultGenericMobileElement.java:45)
at io.appium.java_client.MobileElement.execute(MobileElement.java:1)
at io.appium.java_client.android.AndroidElement.execute(AndroidElement.java:1)
at org.openqa.selenium.remote.RemoteWebElement.sendKeys(RemoteWebElement.java:106)
at utils.BaseAction.type(BaseAction.java:57)
at pages.LoginPage.login_success(LoginPage.java:50)
at testcase.LoginPageTest.test_login_success(LoginPageTest.java:21)
at sun.reflect.NativeMethodAccessorImpl.invoke0(Native Method)
at sun.reflect.NativeMethodAccessorImpl.invoke(Unknown Source)
at sun.reflect.DelegatingMethodAccessorImpl.invoke(Unknown Source)
at java.lang.reflect.Method.invoke(Unknown Source)
at org.testng.internal.MethodInvocationHelper.invokeMethod(MethodInvocationHelper.java:134)
at org.testng.internal.TestInvoker.invokeMethod(TestInvoker.java:597)
at org.testng.internal.TestInvoker.invokeTestMethod(TestInvoker.java:173)
at org.testng.internal.MethodRunner.runInSequence(MethodRunner.java:46)
at org.testng.internal.TestInvoker$MethodInvocationAgent.invoke(TestInvoker.java:816)
at org.testng.internal.TestInvoker.invokeTestMethods(TestInvoker.java:146)
at org.testng.internal.TestMethodWorker.invokeTestMethods(TestMethodWorker.java:146)
at org.testng.internal.TestMethodWorker.run(TestMethodWorker.java:128)
at java.util.ArrayList.forEach(Unknown Source)
at org.testng.TestRunner.privateRun(TestRunner.java:766)
at org.testng.TestRunner.run(TestRunner.java:587)
at org.testng.SuiteRunner.runTest(SuiteRunner.java:384)
at org.testng.SuiteRunner.runSequentially(SuiteRunner.java:378)
at org.testng.SuiteRunner.privateRun(SuiteRunner.java:337)
at org.testng.SuiteRunner.run(SuiteRunner.java:286)
at org.testng.SuiteRunnerWorker.runSuite(SuiteRunnerWorker.java:53)
at org.testng.SuiteRunnerWorker.run(SuiteRunnerWorker.java:96)
at org.testng.TestNG.runSuitesSequentially(TestNG.java:1187)
at org.testng.TestNG.runSuitesLocally(TestNG.java:1109)
at org.testng.TestNG.runSuites(TestNG.java:1039)
at org.testng.TestNG.run(TestNG.java:1007)
at org.testng.remote.AbstractRemoteTestNG.run(AbstractRemoteTestNG.java:115)
at org.testng.remote.RemoteTestNG.initAndRun(RemoteTestNG.java:251)
at org.testng.remote.RemoteTestNG.main(RemoteTestNG.java:77)
]]>
    </failure>
  </testcase> <!-- test_login_success -->
</testsuite> <!-- Default test -->
